{"D:\\Curso-React-Nextjs\\v1-09-api-node-ts-full-stack\\backend\\src\\router.ts": {"path":"D:\\Curso-React-Nextjs\\v1-09-api-node-ts-full-stack\\backend\\src\\router.ts","statementMap":{"0":{"start":{"line":1,"column":0},"end":{"line":1,"column":32}},"1":{"start":{"line":2,"column":0},"end":{"line":2,"column":47}},"2":{"start":{"line":3,"column":0},"end":{"line":3,"column":131}},"3":{"start":{"line":4,"column":0},"end":{"line":4,"column":49}},"4":{"start":{"line":6,"column":15},"end":{"line":6,"column":23}},"5":{"start":{"line":9,"column":0},"end":{"line":9,"column":null}},"6":{"start":{"line":11,"column":0},"end":{"line":16,"column":null}},"7":{"start":{"line":18,"column":0},"end":{"line":28,"column":null}},"8":{"start":{"line":24,"column":27},"end":{"line":24,"column":36}},"9":{"start":{"line":30,"column":0},"end":{"line":43,"column":null}},"10":{"start":{"line":37,"column":27},"end":{"line":37,"column":36}},"11":{"start":{"line":45,"column":0},"end":{"line":50,"column":null}},"12":{"start":{"line":52,"column":0},"end":{"line":57,"column":null}},"13":{"start":{"line":59,"column":0},"end":{"line":59,"column":null}}},"fnMap":{"0":{"name":"(anonymous_0)","decl":{"start":{"line":24,"column":18},"end":{"line":24,"column":23}},"loc":{"start":{"line":24,"column":27},"end":{"line":24,"column":36}}},"1":{"name":"(anonymous_1)","decl":{"start":{"line":37,"column":18},"end":{"line":37,"column":23}},"loc":{"start":{"line":37,"column":27},"end":{"line":37,"column":36}}}},"branchMap":{},"s":{"0":2,"1":2,"2":2,"3":2,"4":2,"5":2,"6":2,"7":2,"8":4,"9":2,"10":5,"11":2,"12":2,"13":2},"f":{"0":4,"1":5},"b":{}}
,"D:\\Curso-React-Nextjs\\v1-09-api-node-ts-full-stack\\backend\\src\\server.ts": {"path":"D:\\Curso-React-Nextjs\\v1-09-api-node-ts-full-stack\\backend\\src\\server.ts","statementMap":{"0":{"start":{"line":1,"column":0},"end":{"line":1,"column":29}},"1":{"start":{"line":2,"column":0},"end":{"line":2,"column":29}},"2":{"start":{"line":3,"column":0},"end":{"line":3,"column":28}},"3":{"start":{"line":6,"column":17},"end":{"line":16,"column":1}},"4":{"start":{"line":7,"column":5},"end":{"line":15,"column":6}},"5":{"start":{"line":8,"column":10},"end":{"line":8,"column":null}},"6":{"start":{"line":9,"column":10},"end":{"line":9,"column":null}},"7":{"start":{"line":12,"column":10},"end":{"line":12,"column":29}},"8":{"start":{"line":13,"column":10},"end":{"line":13,"column":46}},"9":{"start":{"line":18,"column":0},"end":{"line":18,"column":null}},"10":{"start":{"line":21,"column":15},"end":{"line":21,"column":24}},"11":{"start":{"line":24,"column":0},"end":{"line":24,"column":null}},"12":{"start":{"line":26,"column":0},"end":{"line":26,"column":null}},"13":{"start":{"line":28,"column":0},"end":{"line":30,"column":null}},"14":{"start":{"line":29,"column":5},"end":{"line":29,"column":null}},"15":{"start":{"line":32,"column":0},"end":{"line":32,"column":null}}},"fnMap":{"0":{"name":"(anonymous_1)","decl":{"start":{"line":6,"column":17},"end":{"line":6,"column":22}},"loc":{"start":{"line":6,"column":28},"end":{"line":16,"column":1}}},"1":{"name":"(anonymous_2)","decl":{"start":{"line":28,"column":19},"end":{"line":28,"column":20}},"loc":{"start":{"line":28,"column":32},"end":{"line":30,"column":1}}}},"branchMap":{},"s":{"0":2,"1":2,"2":2,"3":2,"4":2,"5":2,"6":1,"7":0,"8":0,"9":2,"10":2,"11":2,"12":2,"13":2,"14":1,"15":2},"f":{"0":2,"1":1},"b":{}}
,"D:\\Curso-React-Nextjs\\v1-09-api-node-ts-full-stack\\backend\\src\\config\\db.ts": {"path":"D:\\Curso-React-Nextjs\\v1-09-api-node-ts-full-stack\\backend\\src\\config\\db.ts","statementMap":{"0":{"start":{"line":1,"column":0},"end":{"line":1,"column":48}},"1":{"start":{"line":2,"column":0},"end":{"line":2,"column":27}},"2":{"start":{"line":3,"column":0},"end":{"line":3,"column":null}},"3":{"start":{"line":5,"column":11},"end":{"line":8,"column":2}},"4":{"start":{"line":10,"column":0},"end":{"line":10,"column":null}}},"fnMap":{},"branchMap":{},"s":{"0":2,"1":2,"2":2,"3":2,"4":2},"f":{},"b":{}}
,"D:\\Curso-React-Nextjs\\v1-09-api-node-ts-full-stack\\backend\\src\\handlers\\product.ts": {"path":"D:\\Curso-React-Nextjs\\v1-09-api-node-ts-full-stack\\backend\\src\\handlers\\product.ts","statementMap":{"0":{"start":{"line":2,"column":0},"end":{"line":2,"column":39}},"1":{"start":{"line":4,"column":27},"end":{"line":16,"column":1}},"2":{"start":{"line":5,"column":5},"end":{"line":15,"column":6}},"3":{"start":{"line":6,"column":27},"end":{"line":11,"column":12}},"4":{"start":{"line":12,"column":10},"end":{"line":12,"column":null}},"5":{"start":{"line":14,"column":10},"end":{"line":14,"column":null}},"6":{"start":{"line":4,"column":13},"end":{"line":4,"column":27}},"7":{"start":{"line":18,"column":30},"end":{"line":31,"column":1}},"8":{"start":{"line":19,"column":5},"end":{"line":30,"column":6}},"9":{"start":{"line":20,"column":25},"end":{"line":20,"column":35}},"10":{"start":{"line":21,"column":26},"end":{"line":21,"column":52}},"11":{"start":{"line":22,"column":10},"end":{"line":26,"column":11}},"12":{"start":{"line":23,"column":15},"end":{"line":25,"column":null}},"13":{"start":{"line":27,"column":10},"end":{"line":27,"column":null}},"14":{"start":{"line":29,"column":10},"end":{"line":29,"column":null}},"15":{"start":{"line":18,"column":13},"end":{"line":18,"column":30}},"16":{"start":{"line":33,"column":29},"end":{"line":40,"column":1}},"17":{"start":{"line":34,"column":5},"end":{"line":39,"column":6}},"18":{"start":{"line":35,"column":26},"end":{"line":35,"column":56}},"19":{"start":{"line":36,"column":10},"end":{"line":36,"column":null}},"20":{"start":{"line":38,"column":10},"end":{"line":38,"column":29}},"21":{"start":{"line":33,"column":13},"end":{"line":33,"column":29}},"22":{"start":{"line":42,"column":30},"end":{"line":57,"column":1}},"23":{"start":{"line":43,"column":5},"end":{"line":56,"column":6}},"24":{"start":{"line":44,"column":25},"end":{"line":44,"column":35}},"25":{"start":{"line":45,"column":26},"end":{"line":45,"column":52}},"26":{"start":{"line":46,"column":10},"end":{"line":50,"column":11}},"27":{"start":{"line":47,"column":15},"end":{"line":49,"column":null}},"28":{"start":{"line":51,"column":10},"end":{"line":51,"column":null}},"29":{"start":{"line":52,"column":10},"end":{"line":52,"column":null}},"30":{"start":{"line":55,"column":10},"end":{"line":55,"column":null}},"31":{"start":{"line":42,"column":13},"end":{"line":42,"column":30}},"32":{"start":{"line":59,"column":35},"end":{"line":75,"column":1}},"33":{"start":{"line":60,"column":5},"end":{"line":74,"column":6}},"34":{"start":{"line":61,"column":25},"end":{"line":61,"column":35}},"35":{"start":{"line":62,"column":26},"end":{"line":62,"column":52}},"36":{"start":{"line":63,"column":10},"end":{"line":67,"column":11}},"37":{"start":{"line":64,"column":15},"end":{"line":66,"column":null}},"38":{"start":{"line":68,"column":10},"end":{"line":68,"column":null}},"39":{"start":{"line":69,"column":10},"end":{"line":69,"column":null}},"40":{"start":{"line":70,"column":10},"end":{"line":70,"column":null}},"41":{"start":{"line":73,"column":10},"end":{"line":73,"column":null}},"42":{"start":{"line":59,"column":13},"end":{"line":59,"column":35}},"43":{"start":{"line":77,"column":29},"end":{"line":92,"column":1}},"44":{"start":{"line":78,"column":5},"end":{"line":91,"column":6}},"45":{"start":{"line":79,"column":25},"end":{"line":79,"column":35}},"46":{"start":{"line":80,"column":26},"end":{"line":80,"column":52}},"47":{"start":{"line":81,"column":10},"end":{"line":85,"column":11}},"48":{"start":{"line":82,"column":15},"end":{"line":84,"column":null}},"49":{"start":{"line":86,"column":10},"end":{"line":86,"column":null}},"50":{"start":{"line":87,"column":10},"end":{"line":87,"column":null}},"51":{"start":{"line":90,"column":10},"end":{"line":90,"column":null}},"52":{"start":{"line":77,"column":13},"end":{"line":77,"column":29}}},"fnMap":{"0":{"name":"(anonymous_1)","decl":{"start":{"line":4,"column":27},"end":{"line":4,"column":32}},"loc":{"start":{"line":4,"column":65},"end":{"line":16,"column":1}}},"1":{"name":"(anonymous_2)","decl":{"start":{"line":18,"column":30},"end":{"line":18,"column":35}},"loc":{"start":{"line":18,"column":68},"end":{"line":31,"column":1}}},"2":{"name":"(anonymous_3)","decl":{"start":{"line":33,"column":29},"end":{"line":33,"column":34}},"loc":{"start":{"line":33,"column":67},"end":{"line":40,"column":1}}},"3":{"name":"(anonymous_4)","decl":{"start":{"line":42,"column":30},"end":{"line":42,"column":35}},"loc":{"start":{"line":42,"column":68},"end":{"line":57,"column":1}}},"4":{"name":"(anonymous_5)","decl":{"start":{"line":59,"column":35},"end":{"line":59,"column":40}},"loc":{"start":{"line":59,"column":73},"end":{"line":75,"column":1}}},"5":{"name":"(anonymous_6)","decl":{"start":{"line":77,"column":29},"end":{"line":77,"column":34}},"loc":{"start":{"line":77,"column":67},"end":{"line":92,"column":1}}}},"branchMap":{"0":{"loc":{"start":{"line":22,"column":10},"end":{"line":26,"column":11}},"type":"if","locations":[{"start":{"line":22,"column":10},"end":{"line":26,"column":11}}]},"1":{"loc":{"start":{"line":46,"column":10},"end":{"line":50,"column":11}},"type":"if","locations":[{"start":{"line":46,"column":10},"end":{"line":50,"column":11}}]},"2":{"loc":{"start":{"line":63,"column":10},"end":{"line":67,"column":11}},"type":"if","locations":[{"start":{"line":63,"column":10},"end":{"line":67,"column":11}}]},"3":{"loc":{"start":{"line":81,"column":10},"end":{"line":85,"column":11}},"type":"if","locations":[{"start":{"line":81,"column":10},"end":{"line":85,"column":11}}]}},"s":{"0":2,"1":2,"2":2,"3":2,"4":2,"5":0,"6":2,"7":2,"8":2,"9":2,"10":2,"11":2,"12":1,"13":1,"14":0,"15":2,"16":2,"17":1,"18":1,"19":1,"20":0,"21":2,"22":2,"23":3,"24":3,"25":3,"26":2,"27":1,"28":1,"29":1,"30":1,"31":2,"32":2,"33":0,"34":0,"35":0,"36":0,"37":0,"38":0,"39":0,"40":0,"41":0,"42":2,"43":2,"44":2,"45":2,"46":2,"47":2,"48":1,"49":1,"50":1,"51":0,"52":2},"f":{"0":2,"1":2,"2":1,"3":3,"4":0,"5":2},"b":{"0":[1],"1":[1],"2":[0],"3":[1]}}
,"D:\\Curso-React-Nextjs\\v1-09-api-node-ts-full-stack\\backend\\src\\middeleware\\index.ts": {"path":"D:\\Curso-React-Nextjs\\v1-09-api-node-ts-full-stack\\backend\\src\\middeleware\\index.ts","statementMap":{"0":{"start":{"line":2,"column":0},"end":{"line":2,"column":52}},"1":{"start":{"line":4,"column":33},"end":{"line":10,"column":1}},"2":{"start":{"line":5,"column":18},"end":{"line":5,"column":39}},"3":{"start":{"line":6,"column":5},"end":{"line":8,"column":6}},"4":{"start":{"line":7,"column":10},"end":{"line":7,"column":null}},"5":{"start":{"line":9,"column":5},"end":{"line":9,"column":null}},"6":{"start":{"line":4,"column":13},"end":{"line":4,"column":33}}},"fnMap":{"0":{"name":"(anonymous_0)","decl":{"start":{"line":4,"column":33},"end":{"line":4,"column":34}},"loc":{"start":{"line":4,"column":85},"end":{"line":10,"column":1}}}},"branchMap":{"0":{"loc":{"start":{"line":6,"column":5},"end":{"line":8,"column":6}},"type":"if","locations":[{"start":{"line":6,"column":5},"end":{"line":8,"column":6}}]}},"s":{"0":2,"1":2,"2":15,"3":15,"4":7,"5":8,"6":2},"f":{"0":15},"b":{"0":[7]}}
,"D:\\Curso-React-Nextjs\\v1-09-api-node-ts-full-stack\\backend\\src\\models\\Product.ts": {"path":"D:\\Curso-React-Nextjs\\v1-09-api-node-ts-full-stack\\backend\\src\\models\\Product.ts","statementMap":{"0":{"start":{"line":1,"column":0},"end":{"line":1,"column":78}},"1":{"start":{"line":7,"column":0},"end":{"line":23,"column":null}},"2":{"start":{"line":11,"column":13},"end":{"line":11,"column":null}},"3":{"start":{"line":16,"column":13},"end":{"line":16,"column":null}},"4":{"start":{"line":22,"column":13},"end":{"line":22,"column":null}},"5":{"start":{"line":7,"column":6},"end":{"line":23,"column":null}},"6":{"start":{"line":25,"column":0},"end":{"line":25,"column":null}}},"fnMap":{},"branchMap":{},"s":{"0":2,"1":2,"2":2,"3":2,"4":2,"5":2,"6":2},"f":{},"b":{}}
}
