TN:
SF:src\router.ts
FN:24,(anonymous_0)
FN:37,(anonymous_1)
FNF:2
FNH:2
FNDA:4,(anonymous_0)
FNDA:5,(anonymous_1)
DA:1,2
DA:2,2
DA:3,2
DA:4,2
DA:6,2
DA:9,2
DA:11,2
DA:18,2
DA:24,4
DA:30,2
DA:37,5
DA:45,2
DA:52,2
DA:59,2
LF:14
LH:14
BRF:0
BRH:0
end_of_record
TN:
SF:src\server.ts
FN:6,(anonymous_1)
FN:28,(anonymous_2)
FNF:2
FNH:2
FNDA:2,(anonymous_1)
FNDA:1,(anonymous_2)
DA:1,2
DA:2,2
DA:3,2
DA:6,2
DA:7,2
DA:8,2
DA:9,1
DA:12,0
DA:13,0
DA:18,2
DA:21,2
DA:24,2
DA:26,2
DA:28,2
DA:29,1
DA:32,2
LF:16
LH:14
BRF:0
BRH:0
end_of_record
TN:
SF:src\config\db.ts
FNF:0
FNH:0
DA:1,2
DA:2,2
DA:3,2
DA:5,2
DA:10,2
LF:5
LH:5
BRF:0
BRH:0
end_of_record
TN:
SF:src\handlers\product.ts
FN:4,(anonymous_1)
FN:18,(anonymous_2)
FN:33,(anonymous_3)
FN:42,(anonymous_4)
FN:59,(anonymous_5)
FN:77,(anonymous_6)
FNF:6
FNH:5
FNDA:2,(anonymous_1)
FNDA:2,(anonymous_2)
FNDA:1,(anonymous_3)
FNDA:3,(anonymous_4)
FNDA:0,(anonymous_5)
FNDA:2,(anonymous_6)
DA:2,2
DA:4,2
DA:5,2
DA:6,2
DA:12,2
DA:14,0
DA:18,2
DA:19,2
DA:20,2
DA:21,2
DA:22,2
DA:23,1
DA:27,1
DA:29,0
DA:33,2
DA:34,1
DA:35,1
DA:36,1
DA:38,0
DA:42,2
DA:43,3
DA:44,3
DA:45,3
DA:46,2
DA:47,1
DA:51,1
DA:52,1
DA:55,1
DA:59,2
DA:60,0
DA:61,0
DA:62,0
DA:63,0
DA:64,0
DA:68,0
DA:69,0
DA:70,0
DA:73,0
DA:77,2
DA:78,2
DA:79,2
DA:80,2
DA:81,2
DA:82,1
DA:86,1
DA:87,1
DA:90,0
LF:47
LH:34
BRDA:22,0,0,1
BRDA:46,1,0,1
BRDA:63,2,0,0
BRDA:81,3,0,1
BRF:4
BRH:3
end_of_record
TN:
SF:src\middeleware\index.ts
FN:4,(anonymous_0)
FNF:1
FNH:1
FNDA:15,(anonymous_0)
DA:2,2
DA:4,2
DA:5,15
DA:6,15
DA:7,7
DA:9,8
LF:6
LH:6
BRDA:6,0,0,7
BRF:1
BRH:1
end_of_record
TN:
SF:src\models\Product.ts
FNF:0
FNH:0
DA:1,2
DA:7,2
DA:11,2
DA:16,2
DA:22,2
DA:25,2
LF:6
LH:6
BRF:0
BRH:0
end_of_record
